d:\github\shelter_zombies\shelter_zombies\shelter_zombies\x64\debug\vc143.pdb
d:\github\shelter_zombies\shelter_zombies\shelter_zombies\x64\debug\vc143.idb
d:\github\shelter_zombies\shelter_zombies\shelter_zombies\x64\debug\allybuildingmanager.obj
d:\github\shelter_zombies\shelter_zombies\shelter_zombies\x64\debug\brain.obj
d:\github\shelter_zombies\shelter_zombies\shelter_zombies\x64\debug\building.obj
d:\github\shelter_zombies\shelter_zombies\shelter_zombies\x64\debug\black_smith.obj
d:\github\shelter_zombies\shelter_zombies\shelter_zombies\x64\debug\barrakmenu.obj
d:\github\shelter_zombies\shelter_zombies\shelter_zombies\x64\debug\barrack.obj
d:\github\shelter_zombies\shelter_zombies\shelter_zombies\x64\debug\audiomenu.obj
d:\github\shelter_zombies\shelter_zombies\shelter_zombies\x64\debug\attacktostandby.obj
d:\github\shelter_zombies\shelter_zombies\shelter_zombies\x64\debug\attacktodeath.obj
d:\github\shelter_zombies\shelter_zombies\shelter_zombies\x64\debug\attacktochase.obj
d:\github\shelter_zombies\shelter_zombies\shelter_zombies\x64\debug\attackstate.obj
d:\github\shelter_zombies\shelter_zombies\shelter_zombies\x64\debug\attackmenu.obj
d:\github\shelter_zombies\shelter_zombies\shelter_zombies\x64\debug\catapult.obj
d:\github\shelter_zombies\shelter_zombies\shelter_zombies\x64\debug\armory.obj
d:\github\shelter_zombies\shelter_zombies\shelter_zombies\x64\debug\animationcomponent.obj
d:\github\shelter_zombies\shelter_zombies\shelter_zombies\x64\debug\animation.obj
d:\github\shelter_zombies\shelter_zombies\shelter_zombies\x64\debug\actormanager.obj
d:\github\shelter_zombies\shelter_zombies\shelter_zombies\x64\debug\actor.obj
d:\github\shelter_zombies\shelter_zombies\shelter_zombies\x64\debug\actionmap.obj
d:\github\shelter_zombies\shelter_zombies\shelter_zombies\x64\debug\action.obj
d:\github\shelter_zombies\shelter_zombies\shelter_zombies\x64\debug\enemyconstructionmanager.obj
d:\github\shelter_zombies\shelter_zombies\shelter_zombies\x64\debug\enemybuildingmanager.obj
d:\github\shelter_zombies\shelter_zombies\shelter_zombies\x64\debug\decormanager.obj
d:\github\shelter_zombies\shelter_zombies\shelter_zombies\x64\debug\decor.obj
d:\github\shelter_zombies\shelter_zombies\shelter_zombies\x64\debug\deathstate.obj
d:\github\shelter_zombies\shelter_zombies\shelter_zombies\x64\debug\controllermenu.obj
d:\github\shelter_zombies\shelter_zombies\shelter_zombies\x64\debug\allyconstructionmanager.obj
d:\github\shelter_zombies\shelter_zombies\shelter_zombies\x64\debug\construction.obj
d:\github\shelter_zombies\shelter_zombies\shelter_zombies\x64\debug\component.obj
d:\github\shelter_zombies\shelter_zombies\shelter_zombies\x64\debug\collisioncomponent.obj
d:\github\shelter_zombies\shelter_zombies\shelter_zombies\x64\debug\collectableactor.obj
d:\github\shelter_zombies\shelter_zombies\shelter_zombies\x64\debug\chasetodeath.obj
d:\github\shelter_zombies\shelter_zombies\shelter_zombies\x64\debug\chasetoattack.obj
d:\github\shelter_zombies\shelter_zombies\shelter_zombies\x64\debug\chasestate.obj
d:\github\shelter_zombies\shelter_zombies\shelter_zombies\x64\debug\canvas.obj
d:\github\shelter_zombies\shelter_zombies\shelter_zombies\x64\debug\canteen.obj
d:\github\shelter_zombies\shelter_zombies\shelter_zombies\x64\debug\cameramanager.obj
d:\github\shelter_zombies\shelter_zombies\shelter_zombies\x64\debug\camera.obj
d:\github\shelter_zombies\shelter_zombies\shelter_zombies\x64\debug\button.obj
d:\github\shelter_zombies\shelter_zombies\shelter_zombies\x64\debug\buildingmenu.obj
d:\github\shelter_zombies\shelter_zombies\shelter_zombies\x64\debug\hud.obj
d:\github\shelter_zombies\shelter_zombies\shelter_zombies\x64\debug\gameplay.obj
d:\github\shelter_zombies\shelter_zombies\shelter_zombies\x64\debug\gamemenu.obj
d:\github\shelter_zombies\shelter_zombies\shelter_zombies\x64\debug\game.obj
d:\github\shelter_zombies\shelter_zombies\shelter_zombies\x64\debug\fxmanager.obj
d:\github\shelter_zombies\shelter_zombies\shelter_zombies\x64\debug\fxdata.obj
d:\github\shelter_zombies\shelter_zombies\shelter_zombies\x64\debug\fx.obj
d:\github\shelter_zombies\shelter_zombies\shelter_zombies\x64\debug\fontmanager.obj
d:\github\shelter_zombies\shelter_zombies\shelter_zombies\x64\debug\fontdata.obj
d:\github\shelter_zombies\shelter_zombies\shelter_zombies\x64\debug\fileloader.obj
d:\github\shelter_zombies\shelter_zombies\shelter_zombies\x64\debug\knight.obj
d:\github\shelter_zombies\shelter_zombies\shelter_zombies\x64\debug\golem.obj
d:\github\shelter_zombies\shelter_zombies\shelter_zombies\x64\debug\entitymovementcomponent.obj
d:\github\shelter_zombies\shelter_zombies\shelter_zombies\x64\debug\entitylifecomponent.obj
d:\github\shelter_zombies\shelter_zombies\shelter_zombies\x64\debug\entitybrain.obj
d:\github\shelter_zombies\shelter_zombies\shelter_zombies\x64\debug\entityattackcomponent.obj
d:\github\shelter_zombies\shelter_zombies\shelter_zombies\x64\debug\allyentitymanager.obj
d:\github\shelter_zombies\shelter_zombies\shelter_zombies\x64\debug\entity.obj
d:\github\shelter_zombies\shelter_zombies\shelter_zombies\x64\debug\engineer.obj
d:\github\shelter_zombies\shelter_zombies\shelter_zombies\x64\debug\enemyentitymanager.obj
d:\github\shelter_zombies\shelter_zombies\shelter_zombies\x64\debug\nexus.obj
d:\github\shelter_zombies\shelter_zombies\shelter_zombies\x64\debug\musicmanager.obj
d:\github\shelter_zombies\shelter_zombies\shelter_zombies\x64\debug\musicdata.obj
d:\github\shelter_zombies\shelter_zombies\shelter_zombies\x64\debug\multimapmenu.obj
d:\github\shelter_zombies\shelter_zombies\shelter_zombies\x64\debug\menumanager.obj
d:\github\shelter_zombies\shelter_zombies\shelter_zombies\x64\debug\menu.obj
d:\github\shelter_zombies\shelter_zombies\shelter_zombies\x64\debug\map.obj
d:\github\shelter_zombies\shelter_zombies\shelter_zombies\x64\debug\mainmenu.obj
d:\github\shelter_zombies\shelter_zombies\shelter_zombies\x64\debug\main.obj
d:\github\shelter_zombies\shelter_zombies\shelter_zombies\x64\debug\macro.obj
d:\github\shelter_zombies\shelter_zombies\shelter_zombies\x64\debug\label.obj
d:\github\shelter_zombies\shelter_zombies\shelter_zombies\x64\debug\kismet.obj
d:\github\shelter_zombies\shelter_zombies\shelter_zombies\x64\debug\keyboardmenu.obj
d:\github\shelter_zombies\shelter_zombies\shelter_zombies\x64\debug\itemwidget.obj
d:\github\shelter_zombies\shelter_zombies\shelter_zombies\x64\debug\item.obj
d:\github\shelter_zombies\shelter_zombies\shelter_zombies\x64\debug\inventoryplayer.obj
d:\github\shelter_zombies\shelter_zombies\shelter_zombies\x64\debug\inventory.obj
d:\github\shelter_zombies\shelter_zombies\shelter_zombies\x64\debug\interactioncomponent.obj
d:\github\shelter_zombies\shelter_zombies\shelter_zombies\x64\debug\interactableactor.obj
d:\github\shelter_zombies\shelter_zombies\shelter_zombies\x64\debug\inputmanager.obj
d:\github\shelter_zombies\shelter_zombies\shelter_zombies\x64\debug\spells.obj
d:\github\shelter_zombies\shelter_zombies\shelter_zombies\x64\debug\soundsystem.obj
d:\github\shelter_zombies\shelter_zombies\shelter_zombies\x64\debug\soundmanager.obj
d:\github\shelter_zombies\shelter_zombies\shelter_zombies\x64\debug\sounddata.obj
d:\github\shelter_zombies\shelter_zombies\shelter_zombies\x64\debug\skelet.obj
d:\github\shelter_zombies\shelter_zombies\shelter_zombies\x64\debug\sightcomponent.obj
d:\github\shelter_zombies\shelter_zombies\shelter_zombies\x64\debug\archer.obj
d:\github\shelter_zombies\shelter_zombies\shelter_zombies\x64\debug\shapewidget.obj
d:\github\shelter_zombies\shelter_zombies\shelter_zombies\x64\debug\shapeobject.obj
d:\github\shelter_zombies\shelter_zombies\shelter_zombies\x64\debug\progresslabel.obj
d:\github\shelter_zombies\shelter_zombies\shelter_zombies\x64\debug\progressbar.obj
d:\github\shelter_zombies\shelter_zombies\shelter_zombies\x64\debug\pnj.obj
d:\github\shelter_zombies\shelter_zombies\shelter_zombies\x64\debug\playerstat.obj
d:\github\shelter_zombies\shelter_zombies\shelter_zombies\x64\debug\playersounddata.obj
d:\github\shelter_zombies\shelter_zombies\shelter_zombies\x64\debug\playermovementcomponent.obj
d:\github\shelter_zombies\shelter_zombies\shelter_zombies\x64\debug\playerattackcomponent.obj
d:\github\shelter_zombies\shelter_zombies\shelter_zombies\x64\debug\playeranimationcomponent.obj
d:\github\shelter_zombies\shelter_zombies\shelter_zombies\x64\debug\player.obj
d:\github\shelter_zombies\shelter_zombies\shelter_zombies\x64\debug\orc.obj
d:\github\shelter_zombies\shelter_zombies\shelter_zombies\x64\debug\object.obj
d:\github\shelter_zombies\shelter_zombies\shelter_zombies\x64\debug\wizard.obj
d:\github\shelter_zombies\shelter_zombies\shelter_zombies\x64\debug\warlock.obj
d:\github\shelter_zombies\shelter_zombies\shelter_zombies\x64\debug\widgetmanager.obj
d:\github\shelter_zombies\shelter_zombies\shelter_zombies\x64\debug\widget.obj
d:\github\shelter_zombies\shelter_zombies\shelter_zombies\x64\debug\wall.obj
d:\github\shelter_zombies\shelter_zombies\shelter_zombies\x64\debug\villagemenu.obj
d:\github\shelter_zombies\shelter_zombies\shelter_zombies\x64\debug\turret.obj
d:\github\shelter_zombies\shelter_zombies\shelter_zombies\x64\debug\trap.obj
d:\github\shelter_zombies\shelter_zombies\shelter_zombies\x64\debug\transition.obj
d:\github\shelter_zombies\shelter_zombies\shelter_zombies\x64\debug\timermanager.obj
d:\github\shelter_zombies\shelter_zombies\shelter_zombies\x64\debug\timer.obj
d:\github\shelter_zombies\shelter_zombies\shelter_zombies\x64\debug\textwidget.obj
d:\github\shelter_zombies\shelter_zombies\shelter_zombies\x64\debug\texturemanager.obj
d:\github\shelter_zombies\shelter_zombies\shelter_zombies\x64\debug\texturedata.obj
d:\github\shelter_zombies\shelter_zombies\shelter_zombies\x64\debug\textobject.obj
d:\github\shelter_zombies\shelter_zombies\shelter_zombies\x64\debug\priest.obj
d:\github\shelter_zombies\shelter_zombies\shelter_zombies\x64\debug\state.obj
d:\github\shelter_zombies\shelter_zombies\shelter_zombies\x64\debug\standbytodeath.obj
d:\github\shelter_zombies\shelter_zombies\shelter_zombies\x64\debug\standbytochase.obj
d:\github\shelter_zombies\shelter_zombies\shelter_zombies\x64\debug\standbystate.obj
d:\github\shelter_zombies\shelter_zombies\shelter_zombies\x64\debug\workshop.obj
d:\github\shelter_zombies\shelter_zombies\shelter_zombies\x64\debug\standbytoattack.obj
d:\github\shelter_zombies\shelter_zombies\x64\debug\shelter_zombies.exe
d:\github\shelter_zombies\shelter_zombies\x64\debug\shelter_zombies.pdb
d:\github\shelter_zombies\shelter_zombies\shelter_zombies\x64\debug\shelter_zombies.ilk
d:\github\shelter_zombies\shelter_zombies\shelter_zombies\x64\debug\shelter_zombies.tlog\cl.command.1.tlog
d:\github\shelter_zombies\shelter_zombies\shelter_zombies\x64\debug\shelter_zombies.tlog\cl.items.tlog
d:\github\shelter_zombies\shelter_zombies\shelter_zombies\x64\debug\shelter_zombies.tlog\cl.read.1.tlog
d:\github\shelter_zombies\shelter_zombies\shelter_zombies\x64\debug\shelter_zombies.tlog\cl.write.1.tlog
d:\github\shelter_zombies\shelter_zombies\shelter_zombies\x64\debug\shelter_zombies.tlog\link.command.1.tlog
d:\github\shelter_zombies\shelter_zombies\shelter_zombies\x64\debug\shelter_zombies.tlog\link.read.1.tlog
d:\github\shelter_zombies\shelter_zombies\shelter_zombies\x64\debug\shelter_zombies.tlog\link.secondary.1.tlog
d:\github\shelter_zombies\shelter_zombies\shelter_zombies\x64\debug\shelter_zombies.tlog\link.write.1.tlog
