  Catapult.cpp
  EnemyEntityManager.cpp
D:\GitHub\Shelter_Zombies\Shelter_Zombies\EnemyEntityManager.cpp(54,42): warning C4244: 'argument': conversion from 'int' to 'T', possible loss of data
D:\GitHub\Shelter_Zombies\Shelter_Zombies\EnemyEntityManager.cpp(54,42): warning C4244:         with
D:\GitHub\Shelter_Zombies\Shelter_Zombies\EnemyEntityManager.cpp(54,42): warning C4244:         [
D:\GitHub\Shelter_Zombies\Shelter_Zombies\EnemyEntityManager.cpp(54,42): warning C4244:             T=float
D:\GitHub\Shelter_Zombies\Shelter_Zombies\EnemyEntityManager.cpp(54,42): warning C4244:         ]
D:\GitHub\Shelter_Zombies\Shelter_Zombies\EnemyEntityManager.cpp(61,42): warning C4244: 'argument': conversion from 'int' to 'T', possible loss of data
D:\GitHub\Shelter_Zombies\Shelter_Zombies\EnemyEntityManager.cpp(61,42): warning C4244:         with
D:\GitHub\Shelter_Zombies\Shelter_Zombies\EnemyEntityManager.cpp(61,42): warning C4244:         [
D:\GitHub\Shelter_Zombies\Shelter_Zombies\EnemyEntityManager.cpp(61,42): warning C4244:             T=float
D:\GitHub\Shelter_Zombies\Shelter_Zombies\EnemyEntityManager.cpp(61,42): warning C4244:         ]
D:\GitHub\Shelter_Zombies\Shelter_Zombies\EnemyEntityManager.cpp(68,42): warning C4244: 'argument': conversion from 'int' to 'T', possible loss of data
D:\GitHub\Shelter_Zombies\Shelter_Zombies\EnemyEntityManager.cpp(68,42): warning C4244:         with
D:\GitHub\Shelter_Zombies\Shelter_Zombies\EnemyEntityManager.cpp(68,42): warning C4244:         [
D:\GitHub\Shelter_Zombies\Shelter_Zombies\EnemyEntityManager.cpp(68,42): warning C4244:             T=float
D:\GitHub\Shelter_Zombies\Shelter_Zombies\EnemyEntityManager.cpp(68,42): warning C4244:         ]
D:\GitHub\Shelter_Zombies\Shelter_Zombies\EnemyEntityManager.cpp(75,42): warning C4244: 'argument': conversion from 'int' to 'T', possible loss of data
D:\GitHub\Shelter_Zombies\Shelter_Zombies\EnemyEntityManager.cpp(75,42): warning C4244:         with
D:\GitHub\Shelter_Zombies\Shelter_Zombies\EnemyEntityManager.cpp(75,42): warning C4244:         [
D:\GitHub\Shelter_Zombies\Shelter_Zombies\EnemyEntityManager.cpp(75,42): warning C4244:             T=float
D:\GitHub\Shelter_Zombies\Shelter_Zombies\EnemyEntityManager.cpp(75,42): warning C4244:         ]
  AllyEntityManager.cpp
  Golem.cpp
  Gameplay.cpp
D:\GitHub\Shelter_Zombies\Shelter_Zombies\Gameplay.cpp(108,18): warning C4305: 'initializing': truncation from 'long' to 'float'
  Orc.cpp
  Archer.cpp
  Skelet.cpp
  Church.cpp
  Warlock.cpp
  Generating Code...
  Shelter_Zombies.vcxproj -> D:\GitHub\Shelter_Zombies\Shelter_Zombies\x64\Debug\Shelter_Zombies.exe
