  Action.cpp
  ActionMap.cpp
  Actor.cpp
  ActorManager.cpp
  Animation.cpp
  AnimationComponent.cpp
  AttackState.cpp
  AudioMenu.cpp
  Boss.cpp
  BossAttackState.cpp
  BossBrain.cpp
  Brain.cpp
  Camera.cpp
  CameraManager.cpp
  ChaseState.cpp
  CollectableActor.cpp
  CollisionComponent.cpp
  Component.cpp
  ControllerMenu.cpp
  DeathState.cpp
  Génération de code en cours...
  Compilation en cours...
  Enemy.cpp
  EnemyBrain.cpp
  Fx.cpp
  FxData.cpp
  FxManager.cpp
  Game.cpp
  HUD.cpp
  InputManager.cpp
C:\Users\User\GitHub\Shelter_Zombies\Shelter_Zombies\InputManager.cpp(22,75): warning C4244: 'argument' : conversion de 'unsigned int' en 'T', perte possible de données
          with
          [
              T=float
          ]
C:\Users\User\GitHub\Shelter_Zombies\Shelter_Zombies\InputManager.cpp(22,56): warning C4244: 'argument' : conversion de 'unsigned int' en 'T', perte possible de données
          with
          [
              T=float
          ]
  InspectComponent.cpp
  InteractableActor.cpp
  InteractionComponent.cpp
  Inventory.cpp
  Item.cpp
  KeyboardMenu.cpp
  Kismet.cpp
  Macro.cpp
  Main.cpp
  MainMenu.cpp
  Map.cpp
  Mob.cpp
  Génération de code en cours...
  Compilation en cours...
  MobAttackComponent.cpp
  MobAttackState.cpp
  MobBrain.cpp
  MobMovementComponent.cpp
  MovementComponent.cpp
  OptionsMenu.cpp
  PNJ.cpp
  PatrolState.cpp
  PauseMenu.cpp
  Player.cpp
  PlayerAttackComponent.cpp
  PlayerMovementComponent.cpp
  PlayerStat.cpp
  ProgressLabel.cpp
  QuitGameMenu.cpp
  QuitToMenu.cpp
  ScrollBar.cpp
  ShapeWidget.cpp
  ShopMenu.cpp
  State.cpp
  Génération de code en cours...
  Compilation en cours...
  Timer.cpp
  TitleMenu.cpp
  Génération de code en cours...
  Shelter_Zombies.vcxproj -> C:\Users\User\GitHub\Shelter_Zombies\Shelter_Zombies\x64\Debug\Shelter_Zombies.exe
